<?xml version="1.0" encoding="UTF-8"?>
<!-- Generated by org.testng.reporters.JUnitReportReporter -->
<testsuite skipped="1" hostname="Raghunaths-MacBook-Pro.local" name="TestNG.Mobile" tests="3" failures="0" timestamp="05 Jan 2020 19:34:36 GMT" time="0.005" errors="0">
  <testcase name="MobilePurchase" time="0.003" classname="TestNG.Mobile"/>
  <testcase name="MobileReturn" time="0.002" classname="TestNG.Mobile"/>
  <testcase name="MobileLogout" classname="TestNG.Mobile">
    <skipped/>
  </testcase> <!-- MobileLogout -->
</testsuite> <!-- TestNG.Mobile -->
