<?xml version="1.0" encoding="UTF-8"?>
<!-- Generated by org.testng.reporters.JUnitReportReporter -->
<testsuite skipped="0" hostname="Raghunaths-MacBook-Pro.local" name="calendar.DatePicker" tests="1" failures="0" timestamp="28 Mar 2020 00:22:20 GMT" time="16.303" errors="0">
  <testcase name="SelectDate" time="16.303" classname="calendar.DatePicker"/>
</testsuite> <!-- calendar.DatePicker -->
