<?xml version="1.0" encoding="UTF-8"?>
<!-- Generated by org.testng.reporters.JUnitReportReporter -->
<testsuite skipped="0" hostname="Raghunaths-MacBook-Pro.local" name="seleniumAssignment.Testcase5" tests="1" failures="0" timestamp="14 Mar 2020 21:30:56 GMT" time="14.310" errors="0">
  <testcase name="test6" time="14.310" classname="seleniumAssignment.Testcase5"/>
</testsuite> <!-- seleniumAssignment.Testcase5 -->
