<?xml version="1.0" encoding="UTF-8"?>
<!-- Generated by org.testng.reporters.JUnitReportReporter -->
<testsuite skipped="0" hostname="Raghunaths-MacBook-Pro.local" name="waitTestCase.Fluent_Wait" tests="1" failures="0" timestamp="29 Mar 2020 01:19:12 GMT" time="28.634" errors="0">
  <testcase name="fluent" time="28.634" classname="waitTestCase.Fluent_Wait"/>
</testsuite> <!-- waitTestCase.Fluent_Wait -->
