<?xml version="1.0" encoding="UTF-8"?>
<!-- Generated by org.testng.reporters.JUnitReportReporter -->
<testsuite skipped="0" hostname="Raghunaths-MacBook-Pro.local" name="redBus.LogIn" tests="1" failures="0" timestamp="19 Mar 2020 17:07:08 GMT" time="13.664" errors="0">
  <testcase name="Login" time="13.664" classname="redBus.LogIn"/>
</testsuite> <!-- redBus.LogIn -->
