<?xml version="1.0" encoding="UTF-8"?>
<!-- Generated by org.testng.reporters.JUnitReportReporter -->
<testsuite skipped="0" hostname="Raghunaths-MacBook-Pro.local" name="seleniumAssignment.Testcase3" tests="1" failures="0" timestamp="14 Mar 2020 20:42:04 GMT" time="7.873" errors="0">
  <testcase name="test6" time="7.873" classname="seleniumAssignment.Testcase3"/>
</testsuite> <!-- seleniumAssignment.Testcase3 -->
