<?xml version="1.0" encoding="UTF-8"?>
<!-- Generated by org.testng.reporters.JUnitReportReporter -->
<testsuite skipped="0" hostname="Raghunaths-MacBook-Pro.local" name="waitTestCase.Dynamic_wait" tests="1" failures="0" timestamp="28 Mar 2020 03:26:33 GMT" time="10.491" errors="0">
  <testcase name="shop" time="10.491" classname="waitTestCase.Dynamic_wait"/>
</testsuite> <!-- waitTestCase.Dynamic_wait -->
