<?xml version="1.0" encoding="UTF-8"?>
<!-- Generated by org.testng.reporters.JUnitReportReporter -->
<testsuite skipped="0" hostname="Raghunaths-MacBook-Pro.local" name="calendar.SpiceJetDatePickerSmartWay" tests="1" failures="0" timestamp="28 Mar 2020 00:27:46 GMT" time="15.566" errors="0">
  <testcase name="SelectDate" time="15.566" classname="calendar.SpiceJetDatePickerSmartWay"/>
</testsuite> <!-- calendar.SpiceJetDatePickerSmartWay -->
