<?xml version="1.0" encoding="UTF-8"?>
<!-- Generated by org.testng.reporters.JUnitReportReporter -->
<testsuite skipped="0" hostname="Raghunaths-MacBook-Pro.local" name="seleniumAssignment.Testcase6" tests="1" failures="0" timestamp="21 Mar 2020 00:38:29 GMT" time="12.855" errors="0">
  <testcase name="test6" time="12.855" classname="seleniumAssignment.Testcase6"/>
</testsuite> <!-- seleniumAssignment.Testcase6 -->
