<?xml version="1.0" encoding="UTF-8"?>
<!-- Generated by org.testng.reporters.JUnitReportReporter -->
<testsuite skipped="0" hostname="Raghunaths-MacBook-Pro.local" name="calendar.DatePickerSmartWay2" tests="1" failures="0" timestamp="28 Mar 2020 00:23:11 GMT" time="10.556" errors="0">
  <testcase name="SelectDate" time="10.556" classname="calendar.DatePickerSmartWay2"/>
</testsuite> <!-- calendar.DatePickerSmartWay2 -->
