<?xml version="1.0" encoding="UTF-8"?>
<!-- Generated by org.testng.reporters.JUnitReportReporter -->
<testsuite skipped="0" hostname="Raghunaths-MacBook-Pro.local" name="calendar.SpiceJet" tests="1" failures="0" timestamp="23 Mar 2020 02:28:37 GMT" time="27.648" errors="0">
  <testcase name="SelectSpiceJetDate" time="27.648" classname="calendar.SpiceJet"/>
</testsuite> <!-- calendar.SpiceJet -->
