<?xml version="1.0" encoding="UTF-8"?>
<!-- Generated by org.testng.reporters.JUnitReportReporter -->
<testsuite skipped="0" hostname="Raghunaths-MacBook-Pro.local" name="seleniumAssignment.Testcase4" tests="1" failures="0" timestamp="14 Mar 2020 22:04:50 GMT" time="10.416" errors="0">
  <testcase name="test6" time="10.416" classname="seleniumAssignment.Testcase4"/>
</testsuite> <!-- seleniumAssignment.Testcase4 -->
