<?xml version="1.0" encoding="UTF-8"?>
<!-- Generated by org.testng.reporters.JUnitReportReporter -->
<testsuite skipped="0" hostname="Raghunaths-MacBook-Pro.local" name="TestNG.Desktop" tests="3" failures="0" timestamp="05 Jan 2020 19:34:36 GMT" time="0.008" errors="0">
  <testcase name="DesktopLogout" time="0.002" classname="TestNG.Desktop"/>
  <testcase name="DesktopPurchase" time="0.004" classname="TestNG.Desktop"/>
  <testcase name="DesktopReturn" time="0.002" classname="TestNG.Desktop"/>
</testsuite> <!-- TestNG.Desktop -->
