<?xml version="1.0" encoding="UTF-8"?>
<!-- Generated by org.testng.reporters.JUnitReportReporter -->
<testsuite skipped="0" hostname="Raghunaths-MacBook-Pro.local" name="TestNG.Website" tests="2" failures="0" timestamp="05 Jan 2020 19:34:36 GMT" time="0.031" errors="0">
  <testcase name="WebsitePurchase" time="0.009" classname="TestNG.Website"/>
  <testcase name="WebsiteLogout" time="0.022" classname="TestNG.Website"/>
</testsuite> <!-- TestNG.Website -->
