<?xml version="1.0" encoding="UTF-8"?>
<!-- Generated by org.testng.reporters.JUnitReportReporter -->
<testsuite skipped="0" hostname="Raghunaths-MacBook-Pro.local" name="TestNG.PropertiesFileConcept" tests="1" failures="0" timestamp="05 Jan 2020 20:03:00 GMT" time="0.012" errors="0">
  <testcase name="login" time="0.012" classname="TestNG.PropertiesFileConcept"/>
</testsuite> <!-- TestNG.PropertiesFileConcept -->
