<?xml version="1.0" encoding="UTF-8"?>
<!-- Generated by org.testng.reporters.JUnitReportReporter -->
<testsuite hostname="Raghunaths-MacBook-Pro.local" name="testCases.RegisterpageTestCase" tests="2" failures="0" timestamp="9 Mar 2020 02:59:54 GMT" time="2.401" errors="0">
  <testcase name="MainPageToRegisterPage" time="0.990" classname="testCases.RegisterpageTestCase"/>
  <testcase name="RegisterCustomer" time="1.411" classname="testCases.RegisterpageTestCase"/>
</testsuite> <!-- testCases.RegisterpageTestCase -->
