<?xml version="1.0" encoding="UTF-8"?>
<!-- Generated by org.testng.reporters.JUnitReportReporter -->
<testsuite hostname="Raghunaths-MacBook-Pro.local" name="PageFactoryTestCases.RegisterpageTestCase" tests="2" failures="0" timestamp="9 Mar 2020 00:05:34 GMT" time="2.749" errors="0">
  <testcase name="RegisterCustomer" time="1.449" classname="PageFactoryTestCases.RegisterpageTestCase"/>
  <testcase name="MainPageToRegisterPage" time="1.300" classname="PageFactoryTestCases.RegisterpageTestCase"/>
</testsuite> <!-- PageFactoryTestCases.RegisterpageTestCase -->
