<?xml version="1.0" encoding="UTF-8"?>
<!-- Generated by org.testng.reporters.JUnitReportReporter -->
<testsuite hostname="Raghunaths-MacBook-Pro.local" name="Ninja_Register.NewTest" tests="1" failures="0" timestamp="9 Mar 2020 03:07:18 GMT" time="2.741" errors="0">
  <testcase name="goToWebSite" time="2.741" classname="Ninja_Register.NewTest"/>
</testsuite> <!-- Ninja_Register.NewTest -->
