<?xml version="1.0" encoding="UTF-8"?>
<!-- Generated by org.testng.reporters.JUnitReportReporter -->
<testsuite hostname="Raghunaths-MacBook-Pro.local" name="firsttestngpackage.MainTestNG" tests="1" failures="0" timestamp="29 Feb 2020 04:38:03 GMT" time="4.239" errors="0">
  <testcase name="f" time="4.239" classname="firsttestngpackage.MainTestNG"/>
</testsuite> <!-- firsttestngpackage.MainTestNG -->
