<?xml version="1.0" encoding="UTF-8"?>
<!-- Generated by org.testng.reporters.JUnitReportReporter -->
<testsuite hostname="Raghunaths-MacBook-Pro.local" name="PageFactoryTestCases.RegisterpageTestCase" tests="2" failures="0" timestamp="2 Mar 2020 04:04:55 GMT" time="3.228" errors="0">
  <testcase name="RegisterCustomer" time="1.377" classname="PageFactoryTestCases.RegisterpageTestCase"/>
  <testcase name="MainPageToRegisterPage" time="1.851" classname="PageFactoryTestCases.RegisterpageTestCase"/>
</testsuite> <!-- PageFactoryTestCases.RegisterpageTestCase -->
