<?xml version="1.0" encoding="UTF-8"?>
<!-- Generated by org.testng.reporters.JUnitReportReporter -->
<testsuite hostname="Raghunaths-MacBook-Pro.local" name="Ninja_Register.NewTest" tests="1" failures="0" timestamp="8 Mar 2020 04:11:44 GMT" time="2.332" errors="0">
  <testcase name="goToWebSite" time="2.332" classname="Ninja_Register.NewTest"/>
</testsuite> <!-- Ninja_Register.NewTest -->
